{"C:\\Users\\LENOVO\\Desktop\\Tes\\SuperTest\\app.js": {"path":"C:\\Users\\LENOVO\\Desktop\\Tes\\SuperTest\\app.js","statementMap":{"0":{"start":{"line":2,"column":0},"end":{"line":2,"column":26}},"1":{"start":{"line":3,"column":16},"end":{"line":3,"column":34}},"2":{"start":{"line":4,"column":15},"end":{"line":4,"column":40}},"3":{"start":{"line":6,"column":12},"end":{"line":6,"column":21}},"4":{"start":{"line":8,"column":0},"end":{"line":8,"column":49}},"5":{"start":{"line":9,"column":0},"end":{"line":9,"column":24}},"6":{"start":{"line":10,"column":0},"end":{"line":10,"column":16}},"7":{"start":{"line":12,"column":0},"end":{"line":12,"column":21}}},"fnMap":{},"branchMap":{},"s":{"0":8,"1":8,"2":8,"3":8,"4":8,"5":8,"6":8,"7":8},"f":{},"b":{},"_coverageSchema":"1a1c01bbd47fc00a2c39e90264f33305004495a9","hash":"06b971eaff9de58ee95096db3a040bd04eba0674"}
,"C:\\Users\\LENOVO\\Desktop\\Tes\\SuperTest\\controllers\\photos-controller.js": {"path":"C:\\Users\\LENOVO\\Desktop\\Tes\\SuperTest\\controllers\\photos-controller.js","statementMap":{"0":{"start":{"line":1,"column":24},"end":{"line":1,"column":50}},"1":{"start":{"line":5,"column":4},"end":{"line":12,"column":5}},"2":{"start":{"line":6,"column":29},"end":{"line":6,"column":37}},"3":{"start":{"line":7,"column":6},"end":{"line":7,"column":85}},"4":{"start":{"line":7,"column":43},"end":{"line":7,"column":85}},"5":{"start":{"line":8,"column":21},"end":{"line":8,"column":42}},"6":{"start":{"line":9,"column":6},"end":{"line":9,"column":35}},"7":{"start":{"line":11,"column":6},"end":{"line":11,"column":18}},"8":{"start":{"line":16,"column":19},"end":{"line":16,"column":29}},"9":{"start":{"line":17,"column":4},"end":{"line":31,"column":5}},"10":{"start":{"line":18,"column":20},"end":{"line":26,"column":8}},"11":{"start":{"line":27,"column":6},"end":{"line":27,"column":48}},"12":{"start":{"line":27,"column":18},"end":{"line":27,"column":48}},"13":{"start":{"line":28,"column":6},"end":{"line":28,"column":34}},"14":{"start":{"line":30,"column":6},"end":{"line":30,"column":18}},"15":{"start":{"line":35,"column":42},"end":{"line":35,"column":50}},"16":{"start":{"line":36,"column":19},"end":{"line":36,"column":30}},"17":{"start":{"line":37,"column":4},"end":{"line":42,"column":5}},"18":{"start":{"line":38,"column":20},"end":{"line":38,"column":77}},"19":{"start":{"line":39,"column":6},"end":{"line":39,"column":34}},"20":{"start":{"line":41,"column":6},"end":{"line":41,"column":18}},"21":{"start":{"line":46,"column":4},"end":{"line":66,"column":5}},"22":{"start":{"line":47,"column":42},"end":{"line":47,"column":50}},"23":{"start":{"line":48,"column":21},"end":{"line":48,"column":31}},"24":{"start":{"line":49,"column":21},"end":{"line":49,"column":32}},"25":{"start":{"line":50,"column":20},"end":{"line":50,"column":117}},"26":{"start":{"line":51,"column":6},"end":{"line":51,"column":47}},"27":{"start":{"line":51,"column":18},"end":{"line":51,"column":47}},"28":{"start":{"line":52,"column":6},"end":{"line":52,"column":66}},"29":{"start":{"line":52,"column":35},"end":{"line":52,"column":66}},"30":{"start":{"line":53,"column":6},"end":{"line":55,"column":7}},"31":{"start":{"line":54,"column":8},"end":{"line":54,"column":27}},"32":{"start":{"line":56,"column":6},"end":{"line":58,"column":7}},"33":{"start":{"line":57,"column":8},"end":{"line":57,"column":31}},"34":{"start":{"line":59,"column":6},"end":{"line":61,"column":7}},"35":{"start":{"line":60,"column":8},"end":{"line":60,"column":35}},"36":{"start":{"line":62,"column":21},"end":{"line":62,"column":106}},"37":{"start":{"line":63,"column":6},"end":{"line":63,"column":25}},"38":{"start":{"line":65,"column":6},"end":{"line":65,"column":17}},"39":{"start":{"line":70,"column":4},"end":{"line":80,"column":5}},"40":{"start":{"line":71,"column":21},"end":{"line":71,"column":31}},"41":{"start":{"line":72,"column":21},"end":{"line":72,"column":32}},"42":{"start":{"line":73,"column":20},"end":{"line":73,"column":117}},"43":{"start":{"line":74,"column":6},"end":{"line":74,"column":48}},"44":{"start":{"line":74,"column":18},"end":{"line":74,"column":48}},"45":{"start":{"line":75,"column":6},"end":{"line":75,"column":66}},"46":{"start":{"line":75,"column":35},"end":{"line":75,"column":66}},"47":{"start":{"line":76,"column":6},"end":{"line":76,"column":44}},"48":{"start":{"line":77,"column":6},"end":{"line":77,"column":47}},"49":{"start":{"line":79,"column":6},"end":{"line":79,"column":17}},"50":{"start":{"line":84,"column":0},"end":{"line":84,"column":34}}},"fnMap":{"0":{"name":"(anonymous_0)","decl":{"start":{"line":4,"column":2},"end":{"line":4,"column":3}},"loc":{"start":{"line":4,"column":39},"end":{"line":13,"column":3}},"line":4},"1":{"name":"(anonymous_1)","decl":{"start":{"line":15,"column":2},"end":{"line":15,"column":3}},"loc":{"start":{"line":15,"column":40},"end":{"line":32,"column":3}},"line":15},"2":{"name":"(anonymous_2)","decl":{"start":{"line":34,"column":2},"end":{"line":34,"column":3}},"loc":{"start":{"line":34,"column":38},"end":{"line":43,"column":3}},"line":34},"3":{"name":"(anonymous_3)","decl":{"start":{"line":45,"column":2},"end":{"line":45,"column":3}},"loc":{"start":{"line":45,"column":38},"end":{"line":67,"column":3}},"line":45},"4":{"name":"(anonymous_4)","decl":{"start":{"line":69,"column":2},"end":{"line":69,"column":3}},"loc":{"start":{"line":69,"column":43},"end":{"line":81,"column":3}},"line":69}},"branchMap":{"0":{"loc":{"start":{"line":6,"column":14},"end":{"line":6,"column":24}},"type":"default-arg","locations":[{"start":{"line":6,"column":20},"end":{"line":6,"column":24}}],"line":6},"1":{"loc":{"start":{"line":7,"column":6},"end":{"line":7,"column":85}},"type":"if","locations":[{"start":{"line":7,"column":6},"end":{"line":7,"column":85}},{"start":{},"end":{}}],"line":7},"2":{"loc":{"start":{"line":27,"column":6},"end":{"line":27,"column":48}},"type":"if","locations":[{"start":{"line":27,"column":6},"end":{"line":27,"column":48}},{"start":{},"end":{}}],"line":27},"3":{"loc":{"start":{"line":51,"column":6},"end":{"line":51,"column":47}},"type":"if","locations":[{"start":{"line":51,"column":6},"end":{"line":51,"column":47}},{"start":{},"end":{}}],"line":51},"4":{"loc":{"start":{"line":52,"column":6},"end":{"line":52,"column":66}},"type":"if","locations":[{"start":{"line":52,"column":6},"end":{"line":52,"column":66}},{"start":{},"end":{}}],"line":52},"5":{"loc":{"start":{"line":53,"column":6},"end":{"line":55,"column":7}},"type":"if","locations":[{"start":{"line":53,"column":6},"end":{"line":55,"column":7}},{"start":{},"end":{}}],"line":53},"6":{"loc":{"start":{"line":56,"column":6},"end":{"line":58,"column":7}},"type":"if","locations":[{"start":{"line":56,"column":6},"end":{"line":58,"column":7}},{"start":{},"end":{}}],"line":56},"7":{"loc":{"start":{"line":59,"column":6},"end":{"line":61,"column":7}},"type":"if","locations":[{"start":{"line":59,"column":6},"end":{"line":61,"column":7}},{"start":{},"end":{}}],"line":59},"8":{"loc":{"start":{"line":74,"column":6},"end":{"line":74,"column":48}},"type":"if","locations":[{"start":{"line":74,"column":6},"end":{"line":74,"column":48}},{"start":{},"end":{}}],"line":74},"9":{"loc":{"start":{"line":75,"column":6},"end":{"line":75,"column":66}},"type":"if","locations":[{"start":{"line":75,"column":6},"end":{"line":75,"column":66}},{"start":{},"end":{}}],"line":75}},"s":{"0":8,"1":2,"2":2,"3":2,"4":1,"5":1,"6":1,"7":1,"8":2,"9":2,"10":2,"11":2,"12":1,"13":1,"14":1,"15":6,"16":6,"17":6,"18":6,"19":1,"20":5,"21":5,"22":5,"23":5,"24":5,"25":5,"26":5,"27":1,"28":4,"29":1,"30":3,"31":1,"32":3,"33":1,"34":3,"35":2,"36":3,"37":3,"38":2,"39":3,"40":3,"41":3,"42":3,"43":3,"44":1,"45":2,"46":1,"47":1,"48":1,"49":2,"50":8},"f":{"0":2,"1":2,"2":6,"3":5,"4":3},"b":{"0":[1],"1":[1,1],"2":[1,1],"3":[1,4],"4":[1,3],"5":[1,2],"6":[1,2],"7":[2,1],"8":[1,2],"9":[1,1]},"_coverageSchema":"1a1c01bbd47fc00a2c39e90264f33305004495a9","hash":"b93703c15997d51f96a3c449fe8061e246030d98"}
,"C:\\Users\\LENOVO\\Desktop\\Tes\\SuperTest\\controllers\\users-controller.js": {"path":"C:\\Users\\LENOVO\\Desktop\\Tes\\SuperTest\\controllers\\users-controller.js","statementMap":{"0":{"start":{"line":1,"column":17},"end":{"line":1,"column":43}},"1":{"start":{"line":2,"column":20},"end":{"line":2,"column":46}},"2":{"start":{"line":3,"column":17},"end":{"line":3,"column":42}},"3":{"start":{"line":7,"column":32},"end":{"line":7,"column":40}},"4":{"start":{"line":8,"column":4},"end":{"line":17,"column":5}},"5":{"start":{"line":9,"column":6},"end":{"line":9,"column":70}},"6":{"start":{"line":9,"column":31},"end":{"line":9,"column":70}},"7":{"start":{"line":10,"column":19},"end":{"line":10,"column":59}},"8":{"start":{"line":11,"column":6},"end":{"line":11,"column":49}},"9":{"start":{"line":11,"column":17},"end":{"line":11,"column":49}},"10":{"start":{"line":12,"column":6},"end":{"line":12,"column":77}},"11":{"start":{"line":12,"column":45},"end":{"line":12,"column":77}},"12":{"start":{"line":13,"column":20},"end":{"line":13,"column":60}},"13":{"start":{"line":14,"column":6},"end":{"line":14,"column":38}},"14":{"start":{"line":16,"column":6},"end":{"line":16,"column":18}},"15":{"start":{"line":21,"column":42},"end":{"line":21,"column":50}},"16":{"start":{"line":22,"column":4},"end":{"line":30,"column":5}},"17":{"start":{"line":23,"column":19},"end":{"line":23,"column":67}},"18":{"start":{"line":24,"column":6},"end":{"line":27,"column":9}},"19":{"start":{"line":29,"column":6},"end":{"line":29,"column":18}},"20":{"start":{"line":34,"column":0},"end":{"line":34,"column":33}}},"fnMap":{"0":{"name":"(anonymous_0)","decl":{"start":{"line":6,"column":2},"end":{"line":6,"column":3}},"loc":{"start":{"line":6,"column":38},"end":{"line":18,"column":3}},"line":6},"1":{"name":"(anonymous_1)","decl":{"start":{"line":20,"column":2},"end":{"line":20,"column":3}},"loc":{"start":{"line":20,"column":38},"end":{"line":31,"column":3}},"line":20}},"branchMap":{"0":{"loc":{"start":{"line":9,"column":6},"end":{"line":9,"column":70}},"type":"if","locations":[{"start":{"line":9,"column":6},"end":{"line":9,"column":70}},{"start":{},"end":{}}],"line":9},"1":{"loc":{"start":{"line":9,"column":10},"end":{"line":9,"column":29}},"type":"binary-expr","locations":[{"start":{"line":9,"column":10},"end":{"line":9,"column":16}},{"start":{"line":9,"column":20},"end":{"line":9,"column":29}}],"line":9},"2":{"loc":{"start":{"line":11,"column":6},"end":{"line":11,"column":49}},"type":"if","locations":[{"start":{"line":11,"column":6},"end":{"line":11,"column":49}},{"start":{},"end":{}}],"line":11},"3":{"loc":{"start":{"line":12,"column":6},"end":{"line":12,"column":77}},"type":"if","locations":[{"start":{"line":12,"column":6},"end":{"line":12,"column":77}},{"start":{},"end":{}}],"line":12}},"s":{"0":8,"1":8,"2":8,"3":7,"4":7,"5":7,"6":4,"7":3,"8":3,"9":1,"10":2,"11":1,"12":1,"13":1,"14":6,"15":9,"16":9,"17":9,"18":1,"19":8,"20":8},"f":{"0":7,"1":9},"b":{"0":[4,3],"1":[7,5],"2":[1,2],"3":[1,1]},"_coverageSchema":"1a1c01bbd47fc00a2c39e90264f33305004495a9","hash":"a395bc8ce09a8728fe0404c1d929f7054cf1ff88"}
,"C:\\Users\\LENOVO\\Desktop\\Tes\\SuperTest\\helpers\\hash.js": {"path":"C:\\Users\\LENOVO\\Desktop\\Tes\\SuperTest\\helpers\\hash.js","statementMap":{"0":{"start":{"line":1,"column":15},"end":{"line":1,"column":34}},"1":{"start":{"line":4,"column":2},"end":{"line":4,"column":36}},"2":{"start":{"line":8,"column":2},"end":{"line":8,"column":43}},"3":{"start":{"line":11,"column":0},"end":{"line":14,"column":2}}},"fnMap":{"0":{"name":"hash","decl":{"start":{"line":3,"column":9},"end":{"line":3,"column":13}},"loc":{"start":{"line":3,"column":21},"end":{"line":5,"column":1}},"line":3},"1":{"name":"compare","decl":{"start":{"line":7,"column":9},"end":{"line":7,"column":16}},"loc":{"start":{"line":7,"column":32},"end":{"line":9,"column":1}},"line":7}},"branchMap":{},"s":{"0":8,"1":11,"2":2,"3":8},"f":{"0":11,"1":2},"b":{},"_coverageSchema":"1a1c01bbd47fc00a2c39e90264f33305004495a9","hash":"f49bb008841653b7f1e0dccaf75609b2520fbdc9"}
,"C:\\Users\\LENOVO\\Desktop\\Tes\\SuperTest\\helpers\\jwt.js": {"path":"C:\\Users\\LENOVO\\Desktop\\Tes\\SuperTest\\helpers\\jwt.js","statementMap":{"0":{"start":{"line":1,"column":12},"end":{"line":1,"column":35}},"1":{"start":{"line":4,"column":2},"end":{"line":4,"column":51}},"2":{"start":{"line":8,"column":2},"end":{"line":8,"column":51}},"3":{"start":{"line":11,"column":0},"end":{"line":14,"column":2}}},"fnMap":{"0":{"name":"sign","decl":{"start":{"line":3,"column":9},"end":{"line":3,"column":13}},"loc":{"start":{"line":3,"column":23},"end":{"line":5,"column":1}},"line":3},"1":{"name":"verify","decl":{"start":{"line":7,"column":9},"end":{"line":7,"column":15}},"loc":{"start":{"line":7,"column":23},"end":{"line":9,"column":1}},"line":7}},"branchMap":{},"s":{"0":8,"1":13,"2":29,"3":8},"f":{"0":13,"1":29},"b":{},"_coverageSchema":"1a1c01bbd47fc00a2c39e90264f33305004495a9","hash":"d115f7430457db4423c02e63ce25fa8ac0f7ed6a"}
,"C:\\Users\\LENOVO\\Desktop\\Tes\\SuperTest\\middlewares\\authentication-middleware.js": {"path":"C:\\Users\\LENOVO\\Desktop\\Tes\\SuperTest\\middlewares\\authentication-middleware.js","statementMap":{"0":{"start":{"line":1,"column":19},"end":{"line":1,"column":44}},"1":{"start":{"line":2,"column":17},"end":{"line":2,"column":43}},"2":{"start":{"line":5,"column":2},"end":{"line":17,"column":3}},"3":{"start":{"line":6,"column":30},"end":{"line":6,"column":41}},"4":{"start":{"line":7,"column":4},"end":{"line":7,"column":58}},"5":{"start":{"line":7,"column":24},"end":{"line":7,"column":58}},"6":{"start":{"line":8,"column":4},"end":{"line":8,"column":43}},"7":{"start":{"line":9,"column":4},"end":{"line":9,"column":59}},"8":{"start":{"line":9,"column":28},"end":{"line":9,"column":59}},"9":{"start":{"line":10,"column":26},"end":{"line":10,"column":42}},"10":{"start":{"line":11,"column":17},"end":{"line":11,"column":61}},"11":{"start":{"line":12,"column":4},"end":{"line":12,"column":46}},"12":{"start":{"line":12,"column":15},"end":{"line":12,"column":46}},"13":{"start":{"line":13,"column":4},"end":{"line":13,"column":29}},"14":{"start":{"line":14,"column":4},"end":{"line":14,"column":11}},"15":{"start":{"line":16,"column":4},"end":{"line":16,"column":16}},"16":{"start":{"line":20,"column":0},"end":{"line":20,"column":42}}},"fnMap":{"0":{"name":"authenticationMiddleware","decl":{"start":{"line":4,"column":15},"end":{"line":4,"column":39}},"loc":{"start":{"line":4,"column":56},"end":{"line":18,"column":1}},"line":4}},"branchMap":{"0":{"loc":{"start":{"line":7,"column":4},"end":{"line":7,"column":58}},"type":"if","locations":[{"start":{"line":7,"column":4},"end":{"line":7,"column":58}},{"start":{},"end":{}}],"line":7},"1":{"loc":{"start":{"line":9,"column":4},"end":{"line":9,"column":59}},"type":"if","locations":[{"start":{"line":9,"column":4},"end":{"line":9,"column":59}},{"start":{},"end":{}}],"line":9},"2":{"loc":{"start":{"line":12,"column":4},"end":{"line":12,"column":46}},"type":"if","locations":[{"start":{"line":12,"column":4},"end":{"line":12,"column":46}},{"start":{},"end":{}}],"line":12}},"s":{"0":8,"1":8,"2":38,"3":38,"4":38,"5":5,"6":33,"7":33,"8":5,"9":28,"10":23,"11":23,"12":5,"13":18,"14":18,"15":20,"16":8},"f":{"0":38},"b":{"0":[5,33],"1":[5,28],"2":[5,18]},"_coverageSchema":"1a1c01bbd47fc00a2c39e90264f33305004495a9","hash":"4864d61089d762e1d4674fdb17867ed519292b31"}
,"C:\\Users\\LENOVO\\Desktop\\Tes\\SuperTest\\middlewares\\error-middleware.js": {"path":"C:\\Users\\LENOVO\\Desktop\\Tes\\SuperTest\\middlewares\\error-middleware.js","statementMap":{"0":{"start":{"line":2,"column":13},"end":{"line":2,"column":16}},"1":{"start":{"line":3,"column":16},"end":{"line":3,"column":39}},"2":{"start":{"line":5,"column":2},"end":{"line":36,"column":3}},"3":{"start":{"line":6,"column":4},"end":{"line":6,"column":15}},"4":{"start":{"line":7,"column":4},"end":{"line":7,"column":30}},"5":{"start":{"line":8,"column":9},"end":{"line":36,"column":3}},"6":{"start":{"line":9,"column":4},"end":{"line":9,"column":15}},"7":{"start":{"line":10,"column":4},"end":{"line":10,"column":30}},"8":{"start":{"line":11,"column":9},"end":{"line":36,"column":3}},"9":{"start":{"line":12,"column":4},"end":{"line":12,"column":15}},"10":{"start":{"line":13,"column":4},"end":{"line":13,"column":29}},"11":{"start":{"line":14,"column":9},"end":{"line":36,"column":3}},"12":{"start":{"line":15,"column":4},"end":{"line":15,"column":15}},"13":{"start":{"line":16,"column":4},"end":{"line":16,"column":31}},"14":{"start":{"line":17,"column":9},"end":{"line":36,"column":3}},"15":{"start":{"line":18,"column":4},"end":{"line":18,"column":15}},"16":{"start":{"line":19,"column":4},"end":{"line":19,"column":49}},"17":{"start":{"line":19,"column":38},"end":{"line":19,"column":47}},"18":{"start":{"line":20,"column":9},"end":{"line":36,"column":3}},"19":{"start":{"line":25,"column":4},"end":{"line":25,"column":15}},"20":{"start":{"line":26,"column":4},"end":{"line":26,"column":37}},"21":{"start":{"line":27,"column":9},"end":{"line":36,"column":3}},"22":{"start":{"line":28,"column":4},"end":{"line":28,"column":15}},"23":{"start":{"line":29,"column":4},"end":{"line":29,"column":28}},"24":{"start":{"line":30,"column":9},"end":{"line":36,"column":3}},"25":{"start":{"line":31,"column":4},"end":{"line":31,"column":15}},"26":{"start":{"line":32,"column":4},"end":{"line":32,"column":37}},"27":{"start":{"line":33,"column":9},"end":{"line":36,"column":3}},"28":{"start":{"line":34,"column":4},"end":{"line":34,"column":14}},"29":{"start":{"line":35,"column":4},"end":{"line":35,"column":58}},"30":{"start":{"line":38,"column":2},"end":{"line":38,"column":44}},"31":{"start":{"line":41,"column":0},"end":{"line":41,"column":33}}},"fnMap":{"0":{"name":"errorMiddleware","decl":{"start":{"line":1,"column":9},"end":{"line":1,"column":24}},"loc":{"start":{"line":1,"column":48},"end":{"line":39,"column":1}},"line":1},"1":{"name":"(anonymous_1)","decl":{"start":{"line":19,"column":31},"end":{"line":19,"column":32}},"loc":{"start":{"line":19,"column":38},"end":{"line":19,"column":47}},"line":19}},"branchMap":{"0":{"loc":{"start":{"line":5,"column":2},"end":{"line":36,"column":3}},"type":"if","locations":[{"start":{"line":5,"column":2},"end":{"line":36,"column":3}},{"start":{"line":8,"column":9},"end":{"line":36,"column":3}}],"line":5},"1":{"loc":{"start":{"line":8,"column":9},"end":{"line":36,"column":3}},"type":"if","locations":[{"start":{"line":8,"column":9},"end":{"line":36,"column":3}},{"start":{"line":11,"column":9},"end":{"line":36,"column":3}}],"line":8},"2":{"loc":{"start":{"line":11,"column":9},"end":{"line":36,"column":3}},"type":"if","locations":[{"start":{"line":11,"column":9},"end":{"line":36,"column":3}},{"start":{"line":14,"column":9},"end":{"line":36,"column":3}}],"line":11},"3":{"loc":{"start":{"line":11,"column":13},"end":{"line":11,"column":78}},"type":"binary-expr","locations":[{"start":{"line":11,"column":13},"end":{"line":11,"column":42}},{"start":{"line":11,"column":46},"end":{"line":11,"column":78}}],"line":11},"4":{"loc":{"start":{"line":14,"column":9},"end":{"line":36,"column":3}},"type":"if","locations":[{"start":{"line":14,"column":9},"end":{"line":36,"column":3}},{"start":{"line":17,"column":9},"end":{"line":36,"column":3}}],"line":14},"5":{"loc":{"start":{"line":17,"column":9},"end":{"line":36,"column":3}},"type":"if","locations":[{"start":{"line":17,"column":9},"end":{"line":36,"column":3}},{"start":{"line":20,"column":9},"end":{"line":36,"column":3}}],"line":17},"6":{"loc":{"start":{"line":20,"column":9},"end":{"line":36,"column":3}},"type":"if","locations":[{"start":{"line":20,"column":9},"end":{"line":36,"column":3}},{"start":{"line":27,"column":9},"end":{"line":36,"column":3}}],"line":20},"7":{"loc":{"start":{"line":21,"column":4},"end":{"line":23,"column":41}},"type":"binary-expr","locations":[{"start":{"line":21,"column":4},"end":{"line":21,"column":34}},{"start":{"line":22,"column":4},"end":{"line":22,"column":34}},{"start":{"line":23,"column":4},"end":{"line":23,"column":41}}],"line":21},"8":{"loc":{"start":{"line":27,"column":9},"end":{"line":36,"column":3}},"type":"if","locations":[{"start":{"line":27,"column":9},"end":{"line":36,"column":3}},{"start":{"line":30,"column":9},"end":{"line":36,"column":3}}],"line":27},"9":{"loc":{"start":{"line":30,"column":9},"end":{"line":36,"column":3}},"type":"if","locations":[{"start":{"line":30,"column":9},"end":{"line":36,"column":3}},{"start":{"line":33,"column":9},"end":{"line":36,"column":3}}],"line":30},"10":{"loc":{"start":{"line":33,"column":9},"end":{"line":36,"column":3}},"type":"if","locations":[{"start":{"line":33,"column":9},"end":{"line":36,"column":3}},{"start":{},"end":{}}],"line":33}},"s":{"0":49,"1":49,"2":49,"3":5,"4":5,"5":44,"6":5,"7":5,"8":39,"9":10,"10":10,"11":29,"12":3,"13":3,"14":26,"15":12,"16":12,"17":14,"18":14,"19":6,"20":6,"21":8,"22":1,"23":1,"24":7,"25":4,"26":4,"27":3,"28":2,"29":2,"30":49,"31":8},"f":{"0":49,"1":14},"b":{"0":[5,44],"1":[5,39],"2":[10,29],"3":[39,34],"4":[3,26],"5":[12,14],"6":[6,8],"7":[14,13,12],"8":[1,7],"9":[4,3],"10":[2,1]},"_coverageSchema":"1a1c01bbd47fc00a2c39e90264f33305004495a9","hash":"39d28cd4373503b9adfae6373ec6dc0e2188b555"}
,"C:\\Users\\LENOVO\\Desktop\\Tes\\SuperTest\\models\\index.js": {"path":"C:\\Users\\LENOVO\\Desktop\\Tes\\SuperTest\\models\\index.js","statementMap":{"0":{"start":{"line":3,"column":11},"end":{"line":3,"column":24}},"1":{"start":{"line":4,"column":13},"end":{"line":4,"column":28}},"2":{"start":{"line":5,"column":18},"end":{"line":5,"column":38}},"3":{"start":{"line":6,"column":17},"end":{"line":6,"column":42}},"4":{"start":{"line":7,"column":12},"end":{"line":7,"column":49}},"5":{"start":{"line":8,"column":15},"end":{"line":8,"column":65}},"6":{"start":{"line":9,"column":11},"end":{"line":9,"column":13}},"7":{"start":{"line":12,"column":0},"end":{"line":16,"column":1}},"8":{"start":{"line":13,"column":2},"end":{"line":13,"column":74}},"9":{"start":{"line":15,"column":2},"end":{"line":15,"column":87}},"10":{"start":{"line":18,"column":0},"end":{"line":25,"column":5}},"11":{"start":{"line":20,"column":4},"end":{"line":20,"column":84}},"12":{"start":{"line":23,"column":18},"end":{"line":23,"column":85}},"13":{"start":{"line":24,"column":4},"end":{"line":24,"column":27}},"14":{"start":{"line":27,"column":0},"end":{"line":31,"column":3}},"15":{"start":{"line":28,"column":2},"end":{"line":30,"column":3}},"16":{"start":{"line":29,"column":4},"end":{"line":29,"column":32}},"17":{"start":{"line":33,"column":0},"end":{"line":33,"column":25}},"18":{"start":{"line":34,"column":0},"end":{"line":34,"column":25}},"19":{"start":{"line":36,"column":0},"end":{"line":36,"column":20}}},"fnMap":{"0":{"name":"(anonymous_0)","decl":{"start":{"line":19,"column":10},"end":{"line":19,"column":11}},"loc":{"start":{"line":19,"column":20},"end":{"line":21,"column":3}},"line":19},"1":{"name":"(anonymous_1)","decl":{"start":{"line":22,"column":11},"end":{"line":22,"column":12}},"loc":{"start":{"line":22,"column":21},"end":{"line":25,"column":3}},"line":22},"2":{"name":"(anonymous_2)","decl":{"start":{"line":27,"column":24},"end":{"line":27,"column":25}},"loc":{"start":{"line":27,"column":39},"end":{"line":31,"column":1}},"line":27}},"branchMap":{"0":{"loc":{"start":{"line":7,"column":12},"end":{"line":7,"column":49}},"type":"binary-expr","locations":[{"start":{"line":7,"column":12},"end":{"line":7,"column":32}},{"start":{"line":7,"column":36},"end":{"line":7,"column":49}}],"line":7},"1":{"loc":{"start":{"line":12,"column":0},"end":{"line":16,"column":1}},"type":"if","locations":[{"start":{"line":12,"column":0},"end":{"line":16,"column":1}},{"start":{"line":14,"column":7},"end":{"line":16,"column":1}}],"line":12},"2":{"loc":{"start":{"line":20,"column":11},"end":{"line":20,"column":83}},"type":"binary-expr","locations":[{"start":{"line":20,"column":11},"end":{"line":20,"column":34}},{"start":{"line":20,"column":38},"end":{"line":20,"column":55}},{"start":{"line":20,"column":59},"end":{"line":20,"column":83}}],"line":20},"3":{"loc":{"start":{"line":28,"column":2},"end":{"line":30,"column":3}},"type":"if","locations":[{"start":{"line":28,"column":2},"end":{"line":30,"column":3}},{"start":{},"end":{}}],"line":28}},"s":{"0":8,"1":8,"2":8,"3":8,"4":8,"5":8,"6":8,"7":8,"8":0,"9":8,"10":8,"11":24,"12":16,"13":16,"14":8,"15":16,"16":16,"17":8,"18":8,"19":8},"f":{"0":24,"1":16,"2":16},"b":{"0":[8,0],"1":[0,8],"2":[24,24,16],"3":[16,0]},"_coverageSchema":"1a1c01bbd47fc00a2c39e90264f33305004495a9","hash":"e8fc18b705efd647dc181c91240cfc6388b3d5a5"}
,"C:\\Users\\LENOVO\\Desktop\\Tes\\SuperTest\\models\\photo.js": {"path":"C:\\Users\\LENOVO\\Desktop\\Tes\\SuperTest\\models\\photo.js","statementMap":{"0":{"start":{"line":2,"column":18},"end":{"line":2,"column":38}},"1":{"start":{"line":3,"column":0},"end":{"line":80,"column":2}},"2":{"start":{"line":12,"column":6},"end":{"line":12,"column":35}},"3":{"start":{"line":15,"column":2},"end":{"line":78,"column":4}},"4":{"start":{"line":79,"column":2},"end":{"line":79,"column":15}}},"fnMap":{"0":{"name":"(anonymous_0)","decl":{"start":{"line":3,"column":17},"end":{"line":3,"column":18}},"loc":{"start":{"line":3,"column":43},"end":{"line":80,"column":1}},"line":3},"1":{"name":"(anonymous_1)","decl":{"start":{"line":10,"column":4},"end":{"line":10,"column":5}},"loc":{"start":{"line":10,"column":29},"end":{"line":13,"column":5}},"line":10}},"branchMap":{},"s":{"0":8,"1":8,"2":8,"3":8,"4":8},"f":{"0":8,"1":8},"b":{},"_coverageSchema":"1a1c01bbd47fc00a2c39e90264f33305004495a9","hash":"2e9941209309960666ba9e66db869c4b3d0da4cd"}
,"C:\\Users\\LENOVO\\Desktop\\Tes\\SuperTest\\models\\user.js": {"path":"C:\\Users\\LENOVO\\Desktop\\Tes\\SuperTest\\models\\user.js","statementMap":{"0":{"start":{"line":2,"column":18},"end":{"line":2,"column":38}},"1":{"start":{"line":3,"column":17},"end":{"line":3,"column":45}},"2":{"start":{"line":4,"column":0},"end":{"line":69,"column":2}},"3":{"start":{"line":13,"column":6},"end":{"line":13,"column":33}},"4":{"start":{"line":16,"column":2},"end":{"line":67,"column":4}},"5":{"start":{"line":61,"column":10},"end":{"line":61,"column":54}},"6":{"start":{"line":68,"column":2},"end":{"line":68,"column":14}}},"fnMap":{"0":{"name":"(anonymous_0)","decl":{"start":{"line":4,"column":17},"end":{"line":4,"column":18}},"loc":{"start":{"line":4,"column":43},"end":{"line":69,"column":1}},"line":4},"1":{"name":"(anonymous_1)","decl":{"start":{"line":11,"column":4},"end":{"line":11,"column":5}},"loc":{"start":{"line":11,"column":29},"end":{"line":14,"column":5}},"line":11},"2":{"name":"(anonymous_2)","decl":{"start":{"line":60,"column":8},"end":{"line":60,"column":9}},"loc":{"start":{"line":60,"column":31},"end":{"line":62,"column":9}},"line":60}},"branchMap":{},"s":{"0":8,"1":8,"2":8,"3":8,"4":8,"5":2,"6":8},"f":{"0":8,"1":8,"2":2},"b":{},"_coverageSchema":"1a1c01bbd47fc00a2c39e90264f33305004495a9","hash":"91d6e51021bf62f0426bfad812ebc9af75791d20"}
,"C:\\Users\\LENOVO\\Desktop\\Tes\\SuperTest\\routes\\index.js": {"path":"C:\\Users\\LENOVO\\Desktop\\Tes\\SuperTest\\routes\\index.js","statementMap":{"0":{"start":{"line":1,"column":15},"end":{"line":1,"column":42}},"1":{"start":{"line":2,"column":24},"end":{"line":2,"column":66}},"2":{"start":{"line":3,"column":20},"end":{"line":3,"column":45}},"3":{"start":{"line":4,"column":21},"end":{"line":4,"column":47}},"4":{"start":{"line":6,"column":0},"end":{"line":6,"column":24}},"5":{"start":{"line":7,"column":0},"end":{"line":7,"column":36}},"6":{"start":{"line":9,"column":0},"end":{"line":11,"column":3}},"7":{"start":{"line":10,"column":2},"end":{"line":10,"column":33}},"8":{"start":{"line":13,"column":0},"end":{"line":13,"column":28}},"9":{"start":{"line":15,"column":0},"end":{"line":15,"column":24}}},"fnMap":{"0":{"name":"(anonymous_0)","decl":{"start":{"line":9,"column":11},"end":{"line":9,"column":12}},"loc":{"start":{"line":9,"column":31},"end":{"line":11,"column":1}},"line":9}},"branchMap":{},"s":{"0":8,"1":8,"2":8,"3":8,"4":8,"5":8,"6":8,"7":4,"8":8,"9":8},"f":{"0":4},"b":{},"_coverageSchema":"1a1c01bbd47fc00a2c39e90264f33305004495a9","hash":"45544dcd817ed5e0fe4ee779b4ccf501825b9394"}
,"C:\\Users\\LENOVO\\Desktop\\Tes\\SuperTest\\routes\\photos-router.js": {"path":"C:\\Users\\LENOVO\\Desktop\\Tes\\SuperTest\\routes\\photos-router.js","statementMap":{"0":{"start":{"line":1,"column":15},"end":{"line":1,"column":42}},"1":{"start":{"line":2,"column":33},"end":{"line":2,"column":84}},"2":{"start":{"line":3,"column":25},"end":{"line":3,"column":68}},"3":{"start":{"line":5,"column":0},"end":{"line":5,"column":37}},"4":{"start":{"line":6,"column":0},"end":{"line":6,"column":42}},"5":{"start":{"line":7,"column":0},"end":{"line":7,"column":46}},"6":{"start":{"line":8,"column":0},"end":{"line":8,"column":42}},"7":{"start":{"line":9,"column":0},"end":{"line":9,"column":43}},"8":{"start":{"line":10,"column":0},"end":{"line":10,"column":51}},"9":{"start":{"line":12,"column":0},"end":{"line":12,"column":24}}},"fnMap":{},"branchMap":{},"s":{"0":8,"1":8,"2":8,"3":8,"4":8,"5":8,"6":8,"7":8,"8":8,"9":8},"f":{},"b":{},"_coverageSchema":"1a1c01bbd47fc00a2c39e90264f33305004495a9","hash":"6460574149d1607732154d8b7445b3ab9262542f"}
,"C:\\Users\\LENOVO\\Desktop\\Tes\\SuperTest\\routes\\users-router.js": {"path":"C:\\Users\\LENOVO\\Desktop\\Tes\\SuperTest\\routes\\users-router.js","statementMap":{"0":{"start":{"line":1,"column":15},"end":{"line":1,"column":42}},"1":{"start":{"line":2,"column":24},"end":{"line":2,"column":66}},"2":{"start":{"line":4,"column":0},"end":{"line":4,"column":48}},"3":{"start":{"line":5,"column":0},"end":{"line":5,"column":48}},"4":{"start":{"line":7,"column":0},"end":{"line":7,"column":24}}},"fnMap":{},"branchMap":{},"s":{"0":8,"1":8,"2":8,"3":8,"4":8},"f":{},"b":{},"_coverageSchema":"1a1c01bbd47fc00a2c39e90264f33305004495a9","hash":"eb5a3f8c231d3656fd4a5aa227776bf24a67f014"}
}
