TN:
SF:app.js
FNF:0
FNH:0
DA:2,8
DA:3,8
DA:4,8
DA:6,8
DA:8,8
DA:9,8
DA:10,8
DA:12,8
LF:8
LH:8
BRF:0
BRH:0
end_of_record
TN:
SF:controllers\photos-controller.js
FN:4,(anonymous_0)
FN:15,(anonymous_1)
FN:34,(anonymous_2)
FN:45,(anonymous_3)
FN:69,(anonymous_4)
FNF:5
FNH:5
FNDA:2,(anonymous_0)
FNDA:2,(anonymous_1)
FNDA:6,(anonymous_2)
FNDA:5,(anonymous_3)
FNDA:3,(anonymous_4)
DA:1,8
DA:5,2
DA:6,2
DA:7,2
DA:8,1
DA:9,1
DA:11,1
DA:16,2
DA:17,2
DA:18,2
DA:27,2
DA:28,1
DA:30,1
DA:35,6
DA:36,6
DA:37,6
DA:38,6
DA:39,1
DA:41,5
DA:46,5
DA:47,5
DA:48,5
DA:49,5
DA:50,5
DA:51,5
DA:52,4
DA:53,3
DA:54,1
DA:56,3
DA:57,1
DA:59,3
DA:60,2
DA:62,3
DA:63,3
DA:65,2
DA:70,3
DA:71,3
DA:72,3
DA:73,3
DA:74,3
DA:75,2
DA:76,1
DA:77,1
DA:79,2
DA:84,8
LF:45
LH:45
BRDA:6,0,0,1
BRDA:7,1,0,1
BRDA:7,1,1,1
BRDA:27,2,0,1
BRDA:27,2,1,1
BRDA:51,3,0,1
BRDA:51,3,1,4
BRDA:52,4,0,1
BRDA:52,4,1,3
BRDA:53,5,0,1
BRDA:53,5,1,2
BRDA:56,6,0,1
BRDA:56,6,1,2
BRDA:59,7,0,2
BRDA:59,7,1,1
BRDA:74,8,0,1
BRDA:74,8,1,2
BRDA:75,9,0,1
BRDA:75,9,1,1
BRF:19
BRH:19
end_of_record
TN:
SF:controllers\users-controller.js
FN:6,(anonymous_0)
FN:20,(anonymous_1)
FNF:2
FNH:2
FNDA:7,(anonymous_0)
FNDA:9,(anonymous_1)
DA:1,8
DA:2,8
DA:3,8
DA:7,7
DA:8,7
DA:9,7
DA:10,3
DA:11,3
DA:12,2
DA:13,1
DA:14,1
DA:16,6
DA:21,9
DA:22,9
DA:23,9
DA:24,1
DA:29,8
DA:34,8
LF:18
LH:18
BRDA:9,0,0,4
BRDA:9,0,1,3
BRDA:9,1,0,7
BRDA:9,1,1,5
BRDA:11,2,0,1
BRDA:11,2,1,2
BRDA:12,3,0,1
BRDA:12,3,1,1
BRF:8
BRH:8
end_of_record
TN:
SF:helpers\hash.js
FN:3,hash
FN:7,compare
FNF:2
FNH:2
FNDA:11,hash
FNDA:2,compare
DA:1,8
DA:4,11
DA:8,2
DA:11,8
LF:4
LH:4
BRF:0
BRH:0
end_of_record
TN:
SF:helpers\jwt.js
FN:3,sign
FN:7,verify
FNF:2
FNH:2
FNDA:13,sign
FNDA:29,verify
DA:1,8
DA:4,13
DA:8,29
DA:11,8
LF:4
LH:4
BRF:0
BRH:0
end_of_record
TN:
SF:middlewares\authentication-middleware.js
FN:4,authenticationMiddleware
FNF:1
FNH:1
FNDA:38,authenticationMiddleware
DA:1,8
DA:2,8
DA:5,38
DA:6,38
DA:7,38
DA:8,33
DA:9,33
DA:10,28
DA:11,23
DA:12,23
DA:13,18
DA:14,18
DA:16,20
DA:20,8
LF:14
LH:14
BRDA:7,0,0,5
BRDA:7,0,1,33
BRDA:9,1,0,5
BRDA:9,1,1,28
BRDA:12,2,0,5
BRDA:12,2,1,18
BRF:6
BRH:6
end_of_record
TN:
SF:middlewares\error-middleware.js
FN:1,errorMiddleware
FN:19,(anonymous_1)
FNF:2
FNH:2
FNDA:49,errorMiddleware
FNDA:14,(anonymous_1)
DA:2,49
DA:3,49
DA:5,49
DA:6,5
DA:7,5
DA:8,44
DA:9,5
DA:10,5
DA:11,39
DA:12,10
DA:13,10
DA:14,29
DA:15,3
DA:16,3
DA:17,26
DA:18,12
DA:19,14
DA:20,14
DA:25,6
DA:26,6
DA:27,8
DA:28,1
DA:29,1
DA:30,7
DA:31,4
DA:32,4
DA:33,3
DA:34,2
DA:35,2
DA:38,49
DA:41,8
LF:31
LH:31
BRDA:5,0,0,5
BRDA:5,0,1,44
BRDA:8,1,0,5
BRDA:8,1,1,39
BRDA:11,2,0,10
BRDA:11,2,1,29
BRDA:11,3,0,39
BRDA:11,3,1,34
BRDA:14,4,0,3
BRDA:14,4,1,26
BRDA:17,5,0,12
BRDA:17,5,1,14
BRDA:20,6,0,6
BRDA:20,6,1,8
BRDA:21,7,0,14
BRDA:21,7,1,13
BRDA:21,7,2,12
BRDA:27,8,0,1
BRDA:27,8,1,7
BRDA:30,9,0,4
BRDA:30,9,1,3
BRDA:33,10,0,2
BRDA:33,10,1,1
BRF:23
BRH:23
end_of_record
TN:
SF:models\index.js
FN:19,(anonymous_0)
FN:22,(anonymous_1)
FN:27,(anonymous_2)
FNF:3
FNH:3
FNDA:24,(anonymous_0)
FNDA:16,(anonymous_1)
FNDA:16,(anonymous_2)
DA:3,8
DA:4,8
DA:5,8
DA:6,8
DA:7,8
DA:8,8
DA:9,8
DA:12,8
DA:13,0
DA:15,8
DA:18,8
DA:20,24
DA:23,16
DA:24,16
DA:27,8
DA:28,16
DA:29,16
DA:33,8
DA:34,8
DA:36,8
LF:20
LH:19
BRDA:7,0,0,8
BRDA:7,0,1,0
BRDA:12,1,0,0
BRDA:12,1,1,8
BRDA:20,2,0,24
BRDA:20,2,1,24
BRDA:20,2,2,16
BRDA:28,3,0,16
BRDA:28,3,1,0
BRF:9
BRH:6
end_of_record
TN:
SF:models\photo.js
FN:3,(anonymous_0)
FN:10,(anonymous_1)
FNF:2
FNH:2
FNDA:8,(anonymous_0)
FNDA:8,(anonymous_1)
DA:2,8
DA:3,8
DA:12,8
DA:15,8
DA:79,8
LF:5
LH:5
BRF:0
BRH:0
end_of_record
TN:
SF:models\user.js
FN:4,(anonymous_0)
FN:11,(anonymous_1)
FN:60,(anonymous_2)
FNF:3
FNH:3
FNDA:8,(anonymous_0)
FNDA:8,(anonymous_1)
FNDA:2,(anonymous_2)
DA:2,8
DA:3,8
DA:4,8
DA:13,8
DA:16,8
DA:61,2
DA:68,8
LF:7
LH:7
BRF:0
BRH:0
end_of_record
TN:
SF:routes\index.js
FN:9,(anonymous_0)
FNF:1
FNH:1
FNDA:4,(anonymous_0)
DA:1,8
DA:2,8
DA:3,8
DA:4,8
DA:6,8
DA:7,8
DA:9,8
DA:10,4
DA:13,8
DA:15,8
LF:10
LH:10
BRF:0
BRH:0
end_of_record
TN:
SF:routes\photos-router.js
FNF:0
FNH:0
DA:1,8
DA:2,8
DA:3,8
DA:5,8
DA:6,8
DA:7,8
DA:8,8
DA:9,8
DA:10,8
DA:12,8
LF:10
LH:10
BRF:0
BRH:0
end_of_record
TN:
SF:routes\users-router.js
FNF:0
FNH:0
DA:1,8
DA:2,8
DA:4,8
DA:5,8
DA:7,8
LF:5
LH:5
BRF:0
BRH:0
end_of_record
